[2026-04-23 00:28:43,855] 20 root - INFO - Starting data ingestion test...
[2026-04-23 00:28:43,855] 24 root - INFO - Training pipeline config created: house_prediction
[2026-04-23 00:28:43,855] 28 root - INFO - Data ingestion config created
[2026-04-23 00:28:43,855] 29 root - INFO - Database: house_prediction
[2026-04-23 00:28:43,855] 30 root - INFO - Collection: house_data
[2026-04-23 00:28:43,855] 31 root - INFO - Train/Test split ratio: 0.2
[2026-04-23 00:28:43,856] 35 root - INFO - Data ingestion component initialized
[2026-04-23 00:28:43,856] 38 root - INFO - Starting data ingestion from MongoDB...
[2026-04-23 00:28:47,816] 76 root - INFO - performed train and test split on the data
[2026-04-23 00:28:47,832] 87 root - INFO - saved the train and test data in the ingested directory
[2026-04-23 00:28:47,833] 43 root - INFO - ==================================================
[2026-04-23 00:28:47,833] 44 root - INFO - DATA INGESTION COMPLETED SUCCESSFULLY!
[2026-04-23 00:28:47,833] 45 root - INFO - ==================================================
[2026-04-23 00:28:47,833] 46 root - INFO - Train file path: Artifact/2026_04_23_00_28_43/data_ingestion/ingested/train.csv
[2026-04-23 00:28:47,833] 47 root - INFO - Test file path: Artifact/2026_04_23_00_28_43/data_ingestion/ingested/test.csv
[2026-04-23 00:28:47,833] 48 root - INFO - ==================================================
[2026-04-23 00:28:47,834] 72 root - INFO - Starting data validation test...
[2026-04-23 00:28:47,834] 76 root - INFO - Training pipeline config created: house_prediction
[2026-04-23 00:28:47,834] 80 root - INFO - Data validation config created
[2026-04-23 00:28:47,840] 84 root - INFO - Data validation component initialized
[2026-04-23 00:28:47,840] 87 root - INFO - Starting data validation...
[2026-04-23 00:28:47,902] 91 root - INFO - ==================================================
[2026-04-23 00:28:47,902] 92 root - INFO - DATA VALIDATION COMPLETED!
[2026-04-23 00:28:47,902] 93 root - INFO - ==================================================
[2026-04-23 00:28:47,902] 94 root - INFO - Validation status: True
[2026-04-23 00:28:47,903] 95 root - INFO - Valid train file: Artifact/2026_04_23_00_28_43/data_validation/validated/train.csv
[2026-04-23 00:28:47,903] 96 root - INFO - Valid test file: Artifact/2026_04_23_00_28_43/data_validation/validated/test.csv
[2026-04-23 00:28:47,903] 97 root - INFO - Drift report: Artifact/2026_04_23_00_28_43/data_validation/drift_report/report.yaml
[2026-04-23 00:28:47,903] 98 root - INFO - ==================================================
