[2026-04-23 01:45:49,751] 22 root - INFO - Starting data ingestion test...
[2026-04-23 01:45:49,751] 26 root - INFO - Training pipeline config created: house_prediction
[2026-04-23 01:45:49,751] 30 root - INFO - Data ingestion config created
[2026-04-23 01:45:49,751] 31 root - INFO - Database: house_prediction
[2026-04-23 01:45:49,751] 32 root - INFO - Collection: house_data
[2026-04-23 01:45:49,752] 33 root - INFO - Train/Test split ratio: 0.2
[2026-04-23 01:45:49,752] 37 root - INFO - Data ingestion component initialized
[2026-04-23 01:45:49,752] 40 root - INFO - Starting data ingestion from MongoDB...
[2026-04-23 01:45:53,923] 76 root - INFO - performed train and test split on the data
[2026-04-23 01:45:53,933] 87 root - INFO - saved the train and test data in the ingested directory
[2026-04-23 01:45:53,933] 45 root - INFO - ==================================================
[2026-04-23 01:45:53,933] 46 root - INFO - DATA INGESTION COMPLETED SUCCESSFULLY!
[2026-04-23 01:45:53,934] 47 root - INFO - ==================================================
[2026-04-23 01:45:53,934] 48 root - INFO - Train file path: Artifact/2026_04_23_01_45_48/data_ingestion/ingested/train.csv
[2026-04-23 01:45:53,934] 49 root - INFO - Test file path: Artifact/2026_04_23_01_45_48/data_ingestion/ingested/test.csv
[2026-04-23 01:45:53,934] 50 root - INFO - ==================================================
[2026-04-23 01:45:53,934] 74 root - INFO - Starting data validation test...
[2026-04-23 01:45:53,934] 78 root - INFO - Training pipeline config created: house_prediction
[2026-04-23 01:45:53,934] 82 root - INFO - Data validation config created
[2026-04-23 01:45:53,940] 86 root - INFO - Data validation component initialized
[2026-04-23 01:45:53,940] 89 root - INFO - Starting data validation...
[2026-04-23 01:45:53,995] 93 root - INFO - ==================================================
[2026-04-23 01:45:53,996] 94 root - INFO - DATA VALIDATION COMPLETED!
[2026-04-23 01:45:53,996] 95 root - INFO - ==================================================
[2026-04-23 01:45:53,996] 96 root - INFO - Validation status: True
[2026-04-23 01:45:53,996] 97 root - INFO - Valid train file: Artifact/2026_04_23_01_45_48/data_validation/validated/train.csv
[2026-04-23 01:45:53,996] 98 root - INFO - Valid test file: Artifact/2026_04_23_01_45_48/data_validation/validated/test.csv
[2026-04-23 01:45:53,996] 99 root - INFO - Drift report: Artifact/2026_04_23_01_45_48/data_validation/drift_report/report.yaml
[2026-04-23 01:45:53,996] 100 root - INFO - ==================================================
[2026-04-23 01:45:53,997] 127 root - INFO - Starting data transformation test...
[2026-04-23 01:45:53,997] 131 root - INFO - Training pipeline config created: house_prediction
[2026-04-23 01:45:53,997] 135 root - INFO - Data transformation config created
[2026-04-23 01:45:53,997] 139 root - INFO - Data transformation component initialized
[2026-04-23 01:45:53,997] 142 root - INFO - Starting data transformation...
[2026-04-23 01:45:53,997] 168 root - INFO - Initiating data transformation
[2026-04-23 01:45:53,997] 170 root - INFO - Reading validated train and test data
[2026-04-23 01:45:54,008] 174 root - INFO - Cleaning data
[2026-04-23 01:45:54,032] 178 root - INFO - Applying feature engineering
[2026-04-23 01:45:54,055] 182 root - INFO - Applying target encoding
[2026-04-23 01:45:54,074] 202 root - INFO - Fitting and transforming data
[2026-04-23 01:45:54,074] 157 root - INFO - Creating data transformer pipeline
[2026-04-23 01:45:54,075] 162 root - INFO - Data transformer pipeline created
[2026-04-23 01:45:54,092] 213 root - INFO - Saving transformed data and preprocessor object
[2026-04-23 01:45:54,093] 46 root - INFO - Object saved to file: Artifact/2026_04_23_01_45_48/data_transformation/transformed_object/transformer.pkl
[2026-04-23 01:45:54,094] 46 root - INFO - Object saved to file: final_model/preprocessor.pkl
[2026-04-23 01:45:54,094] 229 root - INFO - Data transformation completed successfully
[2026-04-23 01:45:54,094] 146 root - INFO - ==================================================
[2026-04-23 01:45:54,094] 147 root - INFO - DATA TRANSFORMATION COMPLETED!
[2026-04-23 01:45:54,094] 148 root - INFO - ==================================================
[2026-04-23 01:45:54,094] 149 root - INFO - Transformed train file: Artifact/2026_04_23_01_45_48/data_transformation/transformed/train.npy
[2026-04-23 01:45:54,094] 150 root - INFO - Transformed test file: Artifact/2026_04_23_01_45_48/data_transformation/transformed/test.npy
[2026-04-23 01:45:54,095] 151 root - INFO - Transformed object: Artifact/2026_04_23_01_45_48/data_transformation/transformed_object/transformer.pkl
[2026-04-23 01:45:54,095] 152 root - INFO - ==================================================
