[2026-04-23 13:33:12,866] 23 root - INFO - Starting data ingestion test...
[2026-04-23 13:33:12,866] 27 root - INFO - Training pipeline config created: house_prediction
[2026-04-23 13:33:12,866] 31 root - INFO - Data ingestion config created
[2026-04-23 13:33:12,866] 32 root - INFO - Database: house_prediction
[2026-04-23 13:33:12,866] 33 root - INFO - Collection: house_data
[2026-04-23 13:33:12,866] 34 root - INFO - Train/Test split ratio: 0.2
[2026-04-23 13:33:12,867] 38 root - INFO - Data ingestion component initialized
[2026-04-23 13:33:12,867] 41 root - INFO - Starting data ingestion from MongoDB...
[2026-04-23 13:33:25,528] 76 root - INFO - performed train and test split on the data
[2026-04-23 13:33:25,583] 87 root - INFO - saved the train and test data in the ingested directory
[2026-04-23 13:33:25,585] 46 root - INFO - ==================================================
[2026-04-23 13:33:25,585] 47 root - INFO - DATA INGESTION COMPLETED SUCCESSFULLY!
[2026-04-23 13:33:25,585] 48 root - INFO - ==================================================
[2026-04-23 13:33:25,585] 49 root - INFO - Train file path: Artifact/2026_04_23_13_33_12/data_ingestion/ingested/train.csv
[2026-04-23 13:33:25,585] 50 root - INFO - Test file path: Artifact/2026_04_23_13_33_12/data_ingestion/ingested/test.csv
[2026-04-23 13:33:25,585] 51 root - INFO - ==================================================
[2026-04-23 13:33:25,586] 75 root - INFO - Starting data validation test...
[2026-04-23 13:33:25,586] 79 root - INFO - Training pipeline config created: house_prediction
[2026-04-23 13:33:25,587] 83 root - INFO - Data validation config created
[2026-04-23 13:33:25,591] 87 root - INFO - Data validation component initialized
[2026-04-23 13:33:25,591] 90 root - INFO - Starting data validation...
[2026-04-23 13:33:25,730] 94 root - INFO - ==================================================
[2026-04-23 13:33:25,731] 95 root - INFO - DATA VALIDATION COMPLETED!
[2026-04-23 13:33:25,731] 96 root - INFO - ==================================================
[2026-04-23 13:33:25,731] 97 root - INFO - Validation status: False
[2026-04-23 13:33:25,731] 98 root - INFO - Valid train file: Artifact/2026_04_23_13_33_12/data_validation/validated/train.csv
[2026-04-23 13:33:25,731] 99 root - INFO - Valid test file: Artifact/2026_04_23_13_33_12/data_validation/validated/test.csv
[2026-04-23 13:33:25,731] 100 root - INFO - Drift report: Artifact/2026_04_23_13_33_12/data_validation/drift_report/report.yaml
[2026-04-23 13:33:25,731] 101 root - INFO - ==================================================
[2026-04-23 13:33:25,731] 128 root - INFO - Starting data transformation test...
[2026-04-23 13:33:25,731] 132 root - INFO - Training pipeline config created: house_prediction
[2026-04-23 13:33:25,731] 136 root - INFO - Data transformation config created
[2026-04-23 13:33:25,731] 140 root - INFO - Data transformation component initialized
[2026-04-23 13:33:25,731] 143 root - INFO - Starting data transformation...
[2026-04-23 13:33:25,731] 168 root - INFO - Initiating data transformation
[2026-04-23 13:33:25,731] 170 root - INFO - Reading validated train and test data
[2026-04-23 13:33:25,743] 174 root - INFO - Cleaning data
[2026-04-23 13:33:25,766] 178 root - INFO - Applying feature engineering
[2026-04-23 13:33:25,781] 182 root - INFO - Applying target encoding
[2026-04-23 13:33:25,790] 202 root - INFO - Fitting and transforming data
[2026-04-23 13:33:25,791] 157 root - INFO - Creating data transformer pipeline
[2026-04-23 13:33:25,791] 162 root - INFO - Data transformer pipeline created
[2026-04-23 13:33:25,805] 213 root - INFO - Saving transformed data and preprocessor object
[2026-04-23 13:33:25,807] 77 root - INFO - Object saved to file: Artifact/2026_04_23_13_33_12/data_transformation/transformed_object/transformer.pkl
[2026-04-23 13:33:25,807] 77 root - INFO - Object saved to file: final_model/preprocessor.pkl
[2026-04-23 13:33:25,807] 229 root - INFO - Data transformation completed successfully
[2026-04-23 13:33:25,808] 147 root - INFO - ==================================================
[2026-04-23 13:33:25,808] 148 root - INFO - DATA TRANSFORMATION COMPLETED!
[2026-04-23 13:33:25,808] 149 root - INFO - ==================================================
[2026-04-23 13:33:25,808] 150 root - INFO - Transformed train file: Artifact/2026_04_23_13_33_12/data_transformation/transformed/train.npy
[2026-04-23 13:33:25,808] 151 root - INFO - Transformed test file: Artifact/2026_04_23_13_33_12/data_transformation/transformed/test.npy
[2026-04-23 13:33:25,808] 152 root - INFO - Transformed object: Artifact/2026_04_23_13_33_12/data_transformation/transformed_object/transformer.pkl
[2026-04-23 13:33:25,808] 153 root - INFO - ==================================================
[2026-04-23 13:33:25,808] 178 root - INFO - Starting model training test...
[2026-04-23 13:33:25,808] 182 root - INFO - Training pipeline config created: house_prediction
[2026-04-23 13:33:25,808] 186 root - INFO - Model trainer config created
[2026-04-23 13:33:25,808] 190 root - INFO - Model trainer component initialized
[2026-04-23 13:33:25,808] 193 root - INFO - Starting model training...
[2026-04-23 13:33:25,808] 89 root - INFO - Initiating model training
[2026-04-23 13:33:25,809] 106 root - INFO - Train shape: (3946, 19), Test shape: (985, 19)
[2026-04-23 13:33:25,809] 28 root - INFO - Training Random Forest model...
[2026-04-23 13:33:26,860] 41 root - INFO - Model training completed
[2026-04-23 13:33:26,946] 51 root - INFO - Train R² Score: 0.9147
[2026-04-23 13:33:26,946] 52 root - INFO - Test R² Score: 0.6156
[2026-04-23 13:33:26,946] 53 root - INFO - Model Accuracy: 61.56%
[2026-04-23 13:33:26,962] 77 root - INFO - Object saved to file: Artifact/2026_04_23_13_33_12/model_trainer/trained_model/model.pkl
[2026-04-23 13:33:27,009] 77 root - INFO - Object saved to file: final_model/model.pkl
[2026-04-23 13:33:27,009] 70 root - INFO - Model saved to: Artifact/2026_04_23_13_33_12/model_trainer/trained_model/model.pkl
[2026-04-23 13:33:27,010] 111 root - INFO - Model training completed successfully
[2026-04-23 13:33:27,010] 197 root - INFO - ==================================================
[2026-04-23 13:33:27,010] 198 root - INFO - MODEL TRAINING COMPLETED!
[2026-04-23 13:33:27,010] 199 root - INFO - ==================================================
[2026-04-23 13:33:27,010] 200 root - INFO - Trained model file: Artifact/2026_04_23_13_33_12/model_trainer/trained_model/model.pkl
[2026-04-23 13:33:27,010] 201 root - INFO - Train R² Score: 0.9147
[2026-04-23 13:33:27,010] 202 root - INFO - Test R² Score: 0.6156
[2026-04-23 13:33:27,010] 203 root - INFO - Test RMSE: 11345311.67
[2026-04-23 13:33:27,010] 204 root - INFO - Test MAE: 7731204.35
[2026-04-23 13:33:27,010] 205 root - INFO - ==================================================
