[2026-04-28 02:07:35,022] 1025 httpx - INFO - HTTP Request: GET https://dagshub.com/api/v1/user "HTTP/1.1 200 OK"
[2026-04-28 02:07:35,057] 107 dagshub - INFO - Accessing as diallisouleyman78
[2026-04-28 02:07:37,097] 1025 httpx - INFO - HTTP Request: GET https://dagshub.com/api/v1/repos/diallisouleyman78/House-Prediction-dvf- "HTTP/1.1 200 OK"
[2026-04-28 02:07:38,835] 1025 httpx - INFO - HTTP Request: GET https://dagshub.com/api/v1/user "HTTP/1.1 200 OK"
[2026-04-28 02:07:38,838] 107 dagshub - INFO - Initialized MLflow to track repo "diallisouleyman78/House-Prediction-dvf-"
[2026-04-28 02:07:38,839] 107 dagshub - INFO - Repository diallisouleyman78/House-Prediction-dvf- initialized!
[2026-04-28 02:07:39,926] 23 root - INFO - MLflow imported successfully
[2026-04-28 02:07:39,926] 23 root - INFO - Starting data ingestion test...
[2026-04-28 02:07:39,927] 27 root - INFO - Training pipeline config created: house_prediction
[2026-04-28 02:07:39,927] 31 root - INFO - Data ingestion config created
[2026-04-28 02:07:39,927] 32 root - INFO - Database: house_prediction
[2026-04-28 02:07:39,927] 33 root - INFO - Collection: house_data
[2026-04-28 02:07:39,927] 34 root - INFO - Train/Test split ratio: 0.2
[2026-04-28 02:07:39,927] 38 root - INFO - Data ingestion component initialized
[2026-04-28 02:07:39,927] 41 root - INFO - Starting data ingestion from MongoDB...
[2026-04-28 02:08:01,546] 76 root - INFO - performed train and test split on the data
[2026-04-28 02:08:01,690] 87 root - INFO - saved the train and test data in the ingested directory
[2026-04-28 02:08:01,697] 46 root - INFO - ==================================================
[2026-04-28 02:08:01,697] 47 root - INFO - DATA INGESTION COMPLETED SUCCESSFULLY!
[2026-04-28 02:08:01,697] 48 root - INFO - ==================================================
[2026-04-28 02:08:01,697] 49 root - INFO - Train file path: Artifact/2026_04_28_02_07_31/data_ingestion/ingested/train.csv
[2026-04-28 02:08:01,697] 50 root - INFO - Test file path: Artifact/2026_04_28_02_07_31/data_ingestion/ingested/test.csv
[2026-04-28 02:08:01,697] 51 root - INFO - ==================================================
[2026-04-28 02:08:01,698] 75 root - INFO - Starting data validation test...
[2026-04-28 02:08:01,698] 79 root - INFO - Training pipeline config created: house_prediction
[2026-04-28 02:08:01,698] 83 root - INFO - Data validation config created
[2026-04-28 02:08:01,701] 87 root - INFO - Data validation component initialized
[2026-04-28 02:08:01,701] 90 root - INFO - Starting data validation...
[2026-04-28 02:08:02,246] 94 root - INFO - ==================================================
[2026-04-28 02:08:02,246] 95 root - INFO - DATA VALIDATION COMPLETED!
[2026-04-28 02:08:02,246] 96 root - INFO - ==================================================
[2026-04-28 02:08:02,246] 97 root - INFO - Validation status: True
[2026-04-28 02:08:02,247] 98 root - INFO - Valid train file: Artifact/2026_04_28_02_07_31/data_validation/validated/train.csv
[2026-04-28 02:08:02,247] 99 root - INFO - Valid test file: Artifact/2026_04_28_02_07_31/data_validation/validated/test.csv
[2026-04-28 02:08:02,247] 100 root - INFO - Drift report: Artifact/2026_04_28_02_07_31/data_validation/drift_report/report.yaml
[2026-04-28 02:08:02,247] 101 root - INFO - ==================================================
[2026-04-28 02:08:02,247] 128 root - INFO - Starting data transformation test...
[2026-04-28 02:08:02,247] 132 root - INFO - Training pipeline config created: house_prediction
[2026-04-28 02:08:02,247] 136 root - INFO - Data transformation config created
[2026-04-28 02:08:02,247] 140 root - INFO - Data transformation component initialized
[2026-04-28 02:08:02,247] 143 root - INFO - Starting data transformation...
[2026-04-28 02:08:02,247] 168 root - INFO - Initiating data transformation
[2026-04-28 02:08:02,247] 170 root - INFO - Reading validated train and test data
[2026-04-28 02:08:02,280] 174 root - INFO - Cleaning data
[2026-04-28 02:08:02,328] 178 root - INFO - Applying feature engineering
[2026-04-28 02:08:02,357] 182 root - INFO - Applying target encoding
[2026-04-28 02:08:02,375] 202 root - INFO - Fitting and transforming data
[2026-04-28 02:08:02,375] 157 root - INFO - Creating data transformer pipeline
[2026-04-28 02:08:02,375] 162 root - INFO - Data transformer pipeline created
[2026-04-28 02:08:02,417] 213 root - INFO - Saving transformed data and preprocessor object
[2026-04-28 02:08:02,420] 77 root - INFO - Object saved to file: Artifact/2026_04_28_02_07_31/data_transformation/transformed_object/transformer.pkl
[2026-04-28 02:08:02,420] 77 root - INFO - Object saved to file: final_model/preprocessor.pkl
[2026-04-28 02:08:02,420] 229 root - INFO - Data transformation completed successfully
[2026-04-28 02:08:02,421] 147 root - INFO - ==================================================
[2026-04-28 02:08:02,421] 148 root - INFO - DATA TRANSFORMATION COMPLETED!
[2026-04-28 02:08:02,421] 149 root - INFO - ==================================================
[2026-04-28 02:08:02,421] 150 root - INFO - Transformed train file: Artifact/2026_04_28_02_07_31/data_transformation/transformed/train.npy
[2026-04-28 02:08:02,421] 151 root - INFO - Transformed test file: Artifact/2026_04_28_02_07_31/data_transformation/transformed/test.npy
[2026-04-28 02:08:02,421] 152 root - INFO - Transformed object: Artifact/2026_04_28_02_07_31/data_transformation/transformed_object/transformer.pkl
[2026-04-28 02:08:02,421] 153 root - INFO - ==================================================
[2026-04-28 02:08:02,421] 178 root - INFO - Starting model training test...
[2026-04-28 02:08:02,421] 182 root - INFO - Training pipeline config created: house_prediction
[2026-04-28 02:08:02,421] 186 root - INFO - Model trainer config created
[2026-04-28 02:08:02,421] 190 root - INFO - Model trainer component initialized
[2026-04-28 02:08:02,422] 193 root - INFO - Starting model training...
[2026-04-28 02:08:02,422] 138 root - INFO - Initiating model training
[2026-04-28 02:08:02,423] 155 root - INFO - Train shape: (15935, 19), Test shape: (3978, 19)
[2026-04-28 02:08:02,423] 73 root - INFO - Training Random Forest model...
[2026-04-28 02:08:07,754] 86 root - INFO - Model training completed
[2026-04-28 02:08:07,922] 96 root - INFO - Train R² Score: 0.9226
[2026-04-28 02:08:07,922] 97 root - INFO - Test R² Score: 0.6835
[2026-04-28 02:08:07,923] 98 root - INFO - Model Accuracy: 68.35%
[2026-04-28 02:08:07,923] 47 root - INFO - Starting MLflow tracking for train...
[2026-04-28 02:10:20,313] 63 root - INFO - MLflow tracking completed for train
[2026-04-28 02:10:21,557] 47 root - INFO - Starting MLflow tracking for test...
[2026-04-28 02:12:51,359] 63 root - INFO - MLflow tracking completed for test
[2026-04-28 02:12:52,400] 77 root - INFO - Object saved to file: Artifact/2026_04_28_02_07_31/model_trainer/trained_model/model.pkl
[2026-04-28 02:12:52,540] 77 root - INFO - Object saved to file: final_model/model.pkl
[2026-04-28 02:12:52,540] 119 root - INFO - Model saved to: Artifact/2026_04_28_02_07_31/model_trainer/trained_model/model.pkl
[2026-04-28 02:12:52,541] 160 root - INFO - Model training completed successfully
[2026-04-28 02:12:52,541] 197 root - INFO - ==================================================
[2026-04-28 02:12:52,541] 198 root - INFO - MODEL TRAINING COMPLETED!
[2026-04-28 02:12:52,541] 199 root - INFO - ==================================================
[2026-04-28 02:12:52,541] 200 root - INFO - Trained model file: Artifact/2026_04_28_02_07_31/model_trainer/trained_model/model.pkl
[2026-04-28 02:12:52,541] 201 root - INFO - Train R² Score: 0.9226
[2026-04-28 02:12:52,541] 202 root - INFO - Test R² Score: 0.6835
[2026-04-28 02:12:52,541] 203 root - INFO - Test RMSE: 9459116.08
[2026-04-28 02:12:52,541] 204 root - INFO - Test MAE: 6031240.89
[2026-04-28 02:12:52,541] 205 root - INFO - ==================================================
